Picked up JAVA_TOOL_OPTIONS: -javaagent:/usr/share/java/jayatanaag.jar 
@!@!@STARTMSG 2262:0 @!@!@
TLC2 Version 2.07 of 1 June 2015
@!@!@ENDMSG 2262 @!@!@
@!@!@STARTMSG 2187:0 @!@!@
Running in Model-Checking mode.
@!@!@ENDMSG 2187 @!@!@
@!@!@STARTMSG 2220:0 @!@!@
Starting SANY...
@!@!@ENDMSG 2220 @!@!@
Parsing file MC.tla
Parsing file ra_timestamp.tla
Parsing file /home/nishanth/MS/Fall2015/Asynchronous Systems/TLA+/toolbox/plugins/org.lamport.tlatools_1.0.0.201506011130/tla2sany/StandardModules/TLC.tla
Parsing file /home/nishanth/MS/Fall2015/Asynchronous Systems/TLA+/toolbox/plugins/org.lamport.tlatools_1.0.0.201506011130/tla2sany/StandardModules/Naturals.tla
Parsing file /home/nishanth/MS/Fall2015/Asynchronous Systems/TLA+/toolbox/plugins/org.lamport.tlatools_1.0.0.201506011130/tla2sany/StandardModules/Sequences.tla
Semantic processing of module Naturals
Semantic processing of module Sequences
Semantic processing of module TLC
Semantic processing of module ra_timestamp
Semantic processing of module MC
@!@!@STARTMSG 2219:0 @!@!@
SANY finished.
@!@!@ENDMSG 2219 @!@!@
@!@!@STARTMSG 2185:0 @!@!@
Starting... (2015-10-04 17:26:14)
@!@!@ENDMSG 2185 @!@!@
@!@!@STARTMSG 2212:0 @!@!@
Implied-temporal checking--satisfiability problem has 1 branches.
@!@!@ENDMSG 2212 @!@!@
@!@!@STARTMSG 2189:0 @!@!@
Computing initial states...
@!@!@ENDMSG 2189 @!@!@
@!@!@STARTMSG 2190:0 @!@!@
Finished computing initial states: 1 distinct state generated.
@!@!@ENDMSG 2190 @!@!@
@!@!@STARTMSG 2192:0 @!@!@
Checking temporal properties for the current state space with 23418 distinct states at (2015-10-04 17:26:18)
@!@!@ENDMSG 2192 @!@!@
@!@!@STARTMSG 2200:0 @!@!@
Progress(17) at 2015-10-04 17:26:19: 124599 states generated (124,598 s/min), 31155 distinct states found (31,155 ds/min), 7735 states left on queue.
@!@!@ENDMSG 2200 @!@!@
@!@!@STARTMSG 2192:0 @!@!@
Checking temporal properties for the current state space with 1140257 distinct states at (2015-10-04 17:27:19)
@!@!@ENDMSG 2192 @!@!@
@!@!@STARTMSG 2200:0 @!@!@
Progress(30) at 2015-10-04 17:29:22: 4903164 states generated (4,778,562 s/min), 1730246 distinct states found (1,699,091 ds/min), 589987 states left on queue.
@!@!@ENDMSG 2200 @!@!@
@!@!@STARTMSG 2192:0 @!@!@
Checking temporal properties for the current state space with 1921965 distinct states at (2015-10-04 17:30:22)
@!@!@ENDMSG 2192 @!@!@
