Picked up JAVA_TOOL_OPTIONS: -javaagent:/usr/share/java/jayatanaag.jar 
@!@!@STARTMSG 2262:0 @!@!@
TLC2 Version 2.07 of 1 June 2015
@!@!@ENDMSG 2262 @!@!@
@!@!@STARTMSG 2187:0 @!@!@
Running in Model-Checking mode.
@!@!@ENDMSG 2187 @!@!@
@!@!@STARTMSG 2220:0 @!@!@
Starting SANY...
@!@!@ENDMSG 2220 @!@!@
Parsing file MC.tla
Parsing file TimeClocks.tla
Parsing file /home/nishanth/MS/Fall2015/Asynchronous Systems/TLA+/toolbox/plugins/org.lamport.tlatools_1.0.0.201506011130/tla2sany/StandardModules/TLC.tla
Parsing file /home/nishanth/MS/Fall2015/Asynchronous Systems/TLA+/toolbox/plugins/org.lamport.tlatools_1.0.0.201506011130/tla2sany/StandardModules/Naturals.tla
Parsing file /home/nishanth/MS/Fall2015/Asynchronous Systems/TLA+/toolbox/plugins/org.lamport.tlatools_1.0.0.201506011130/tla2sany/StandardModules/Sequences.tla
Semantic processing of module Naturals
Semantic processing of module Sequences
Semantic processing of module TimeClocks
Semantic processing of module TLC
Semantic processing of module MC
@!@!@STARTMSG 2219:0 @!@!@
SANY finished.
@!@!@ENDMSG 2219 @!@!@
@!@!@STARTMSG 2185:0 @!@!@
Starting... (2015-10-04 17:01:05)
@!@!@ENDMSG 2185 @!@!@
@!@!@STARTMSG 2212:0 @!@!@
Implied-temporal checking--satisfiability problem has 1 branches.
@!@!@ENDMSG 2212 @!@!@
@!@!@STARTMSG 2189:0 @!@!@
Computing initial states...
@!@!@ENDMSG 2189 @!@!@
@!@!@STARTMSG 2190:0 @!@!@
Finished computing initial states: 1 distinct state generated.
@!@!@ENDMSG 2190 @!@!@
@!@!@STARTMSG 2192:0 @!@!@
Checking temporal properties for the current state space with 7855 distinct states at (2015-10-04 17:01:08)
@!@!@ENDMSG 2192 @!@!@
@!@!@STARTMSG 2200:0 @!@!@
Progress(11) at 2015-10-04 17:01:09: 60566 states generated (60,566 s/min), 17481 distinct states found (17,481 ds/min), 9623 states left on queue.
@!@!@ENDMSG 2200 @!@!@
@!@!@STARTMSG 2192:0 @!@!@
Checking temporal properties for the current state space with 307205 distinct states at (2015-10-04 17:02:09)
@!@!@ENDMSG 2192 @!@!@
@!@!@STARTMSG 2200:0 @!@!@
Progress(17) at 2015-10-04 17:03:23: 2781967 states generated (2,721,398 s/min), 555532 distinct states found (538,051 ds/min), 248324 states left on queue.
@!@!@ENDMSG 2200 @!@!@
@!@!@STARTMSG 2192:0 @!@!@
Checking temporal properties for the current state space with 551176 distinct states at (2015-10-04 17:04:23)
@!@!@ENDMSG 2192 @!@!@
@!@!@STARTMSG 2200:0 @!@!@
Progress(18) at 2015-10-04 17:06:51: 5092198 states generated (2,310,233 s/min), 942700 distinct states found (387,168 ds/min), 391520 states left on queue.
@!@!@ENDMSG 2200 @!@!@
@!@!@STARTMSG 2192:0 @!@!@
Checking temporal properties for the current state space with 837771 distinct states at (2015-10-04 17:07:51)
@!@!@ENDMSG 2192 @!@!@
